[LOG] System::create                           : Header version = 2.01.05. Current version = 2.01.05.
[LOG] Manager::init                            : maxchannels = 256 studioflags = 00000006 flags 00000000 extradriverdata 0000000000000000.
[LOG] SystemI::init                            : Initialize version=20105 (112138), maxchannels=256, flags=0x00020000
[LOG] SystemI::setOutputInternal               : Setting output to 'FMOD WASAPI Output'
[LOG] OutputWASAPI::init                       : Mix Format (WAVEFORMATEX): wFormatTag=0xFFFE, nChannels=2, nSamplesPerSec=48000, nAvgBytesPerSec=384000, nBlockAlign=8, wBitsPerSample=32, cbSize=22.
[LOG] OutputWASAPI::init                       : Mix Format (WAVEFORMATEXTENSIBLE): wValidBitsPerSample=32, dwChannelMask=0x00000003, SubFormat=00000003-0000-0010-8000-00AA00389B71.
[LOG] OutputWASAPI::init                       : Output buffer size: 4096 samples, latency: 0.00ms, period: 10.00ms, DSP buffer: 1024 * 4
[LOG] Thread::initThread                       : Init FMOD stream thread. Affinity: 0x8000000000000003, Priority: 0xFFFF7FFB, Stack Size: 98304, Semaphore: No, Sleep Time: 10, Looping: Yes.
[LOG] Thread::initThread                       : Init FMOD mixer thread. Affinity: 0x8000000000000001, Priority: 0xFFFF7FFA, Stack Size: 81920, Semaphore: No, Sleep Time: 0, Looping: Yes.
[LOG] AsyncManager::init                       : manager 000001F9532C8C98 isAsync 0 updatePeriod 0.02
[LOG] AsyncManager::init                       : done
[LOG] PlaybackSystem::init                     : 
[LOG] Thread::initThread                       : Init FMOD Studio sample load thread. Affinity: 0x8000000000000003, Priority: 0xFFFF7FFD, Stack Size: 98304, Semaphore: No, Sleep Time: 1, Looping: No.
[LOG] PlaybackSystem::init                     : done
[LOG] Thread::initThread                       : Init FMOD Studio bank load thread. Affinity: 0x8000000000000003, Priority: 0xFFFF7FFD, Stack Size: 98304, Semaphore: No, Sleep Time: 1, Looping: No.
[LOG] Manager::init                            : done.
[LOG] Manager::readBank                        : fileversion = 135, compatVersion = 132 (oldest = 44, newest = 135)
[LOG] SystemI::createSoundInternal             : Create name='', mode=0x02000202
[LOG] SystemI::createSoundInternal             : exinfo->cbsize             = 224
[LOG] SystemI::createSoundInternal             : exinfo->length             = 3275584
[LOG] SystemI::createSoundInternal             : exinfo->fileoffset         = 25216
[LOG] SystemI::createSoundInternal             : exinfo->numsubsounds       = 1
[LOG] SystemI::createSoundInternal             : exinfo->inclusionlist      = 00000036E87FF048
[LOG] SystemI::createSoundInternal             : exinfo->inclusionlistnum   = 1
[LOG] SystemI::createSoundInternal             : exinfo->suggestedsoundtype = 5
[LOG] SystemI::createSoundInternal             : exinfo->useropen           = 00007FFD86DC7E30
[LOG] SystemI::createSoundInternal             : exinfo->userclose          = 00007FFD86DC7E00
[LOG] SystemI::createSoundInternal             : exinfo->userread           = 00007FFD86DC7F00
[LOG] SystemI::createSoundInternal             : exinfo->userseek           = 00007FFD86DC7FC0
[LOG] SystemI::createSoundInternal             : exinfo->fileuserdata       = 000001F9B40ABEB8
[LOG] SystemI::createSoundInternal             : exinfo->initialseekpostype = 1
[LOG] SystemI::DSPCodecPoolRegister            : register codec pool for pool type 5
[LOG] SystemI::createSoundInternal             : Sample 0/1: name='Gun_Fire_03', format=5, channels=2, frequency=48000, lengthbytes=4928, lengthpcm=15905, pcmblocksize=0, loopstart=0, loopend=0, mode=0x00000000, channelmask=0x00000000, channelorder=0, peakvolume=1.000000.
[LOG] SystemI::createSoundInternal             : Create name='', mode=0x02000202
[LOG] SystemI::createSoundInternal             : exinfo->cbsize             = 224
[LOG] SystemI::createSoundInternal             : exinfo->length             = 3275584
[LOG] SystemI::createSoundInternal             : exinfo->fileoffset         = 25216
[LOG] SystemI::createSoundInternal             : exinfo->numsubsounds       = 1
[LOG] SystemI::createSoundInternal             : exinfo->inclusionlist      = 00000036E87FF048
[LOG] SystemI::createSoundInternal             : exinfo->inclusionlistnum   = 1
[LOG] SystemI::createSoundInternal             : exinfo->suggestedsoundtype = 5
[LOG] SystemI::createSoundInternal             : exinfo->useropen           = 00007FFD86DC7E30
[LOG] SystemI::createSoundInternal             : exinfo->userclose          = 00007FFD86DC7E00
[LOG] SystemI::createSoundInternal             : exinfo->userread           = 00007FFD86DC7F00
[LOG] SystemI::createSoundInternal             : exinfo->userseek           = 00007FFD86DC7FC0
[LOG] SystemI::createSoundInternal             : exinfo->fileuserdata       = 000001F9B40ABEB8
[LOG] SystemI::createSoundInternal             : exinfo->initialseekpostype = 1
[LOG] SystemI::DSPCodecPoolRegister            : register codec pool for pool type 5
[LOG] SystemI::createSoundInternal             : Sample 0/1: name='Gun_Fire_01', format=5, channels=2, frequency=48000, lengthbytes=4832, lengthpcm=15782, pcmblocksize=0, loopstart=0, loopend=0, mode=0x00000000, channelmask=0x00000000, channelorder=0, peakvolume=1.000000.
[LOG] SystemI::createSoundInternal             : Create name='', mode=0x02000202
[LOG] SystemI::createSoundInternal             : exinfo->cbsize             = 224
[LOG] SystemI::createSoundInternal             : exinfo->length             = 3275584
[LOG] SystemI::createSoundInternal             : exinfo->fileoffset         = 25216
[LOG] SystemI::createSoundInternal             : exinfo->numsubsounds       = 1
[LOG] SystemI::createSoundInternal             : exinfo->inclusionlist      = 00000036E87FF048
[LOG] SystemI::createSoundInternal             : exinfo->inclusionlistnum   = 1
[LOG] SystemI::createSoundInternal             : exinfo->suggestedsoundtype = 5
[LOG] SystemI::createSoundInternal             : exinfo->useropen           = 00007FFD86DC7E30
[LOG] SystemI::createSoundInternal             : exinfo->userclose          = 00007FFD86DC7E00
[LOG] SystemI::createSoundInternal             : exinfo->userread           = 00007FFD86DC7F00
[LOG] SystemI::createSoundInternal             : exinfo->userseek           = 00007FFD86DC7FC0
[LOG] SystemI::createSoundInternal             : exinfo->fileuserdata       = 000001F9B40ABEB8
[LOG] SystemI::createSoundInternal             : exinfo->initialseekpostype = 1
[LOG] SystemI::DSPCodecPoolRegister            : register codec pool for pool type 5
[LOG] SystemI::createSoundInternal             : Sample 0/1: name='Gun_Fire_04', format=5, channels=2, frequency=48000, lengthbytes=4704, lengthpcm=16027, pcmblocksize=0, loopstart=0, loopend=0, mode=0x00000000, channelmask=0x00000000, channelorder=0, peakvolume=1.000000.
[LOG] SystemI::createSoundInternal             : Create name='', mode=0x02000202
[LOG] SystemI::createSoundInternal             : exinfo->cbsize             = 224
[LOG] SystemI::createSoundInternal             : exinfo->length             = 3275584
[LOG] SystemI::createSoundInternal             : exinfo->fileoffset         = 25216
[LOG] SystemI::createSoundInternal             : exinfo->numsubsounds       = 1
[LOG] SystemI::createSoundInternal             : exinfo->inclusionlist      = 00000036E87FF048
[LOG] SystemI::createSoundInternal             : exinfo->inclusionlistnum   = 1
[LOG] SystemI::createSoundInternal             : exinfo->suggestedsoundtype = 5
[LOG] SystemI::createSoundInternal             : exinfo->useropen           = 00007FFD86DC7E30
[LOG] SystemI::createSoundInternal             : exinfo->userclose          = 00007FFD86DC7E00
[LOG] SystemI::createSoundInternal             : exinfo->userread           = 00007FFD86DC7F00
[LOG] SystemI::createSoundInternal             : exinfo->userseek           = 00007FFD86DC7FC0
[LOG] SystemI::createSoundInternal             : exinfo->fileuserdata       = 000001F9B40ABEB8
[LOG] SystemI::createSoundInternal             : exinfo->initialseekpostype = 1
[LOG] SystemI::DSPCodecPoolRegister            : register codec pool for pool type 5
[LOG] SystemI::createSoundInternal             : Sample 0/1: name='Gun_Fire_02', format=5, channels=2, frequency=48000, lengthbytes=4800, lengthpcm=15905, pcmblocksize=0, loopstart=0, loopend=0, mode=0x00000000, channelmask=0x00000000, channelorder=0, peakvolume=1.000000.
[LOG] SystemI::createSoundInternal             : Create name='', mode=0x02000202
[LOG] SystemI::createSoundInternal             : exinfo->cbsize             = 224
[LOG] SystemI::createSoundInternal             : exinfo->length             = 3275584
[LOG] SystemI::createSoundInternal             : exinfo->fileoffset         = 25216
[LOG] SystemI::createSoundInternal             : exinfo->numsubsounds       = 1
[LOG] SystemI::createSoundInternal             : exinfo->inclusionlist      = 00000036E87FF048
[LOG] SystemI::createSoundInternal             : exinfo->inclusionlistnum   = 1
[LOG] SystemI::createSoundInternal             : exinfo->suggestedsoundtype = 5
[LOG] SystemI::createSoundInternal             : exinfo->useropen           = 00007FFD86DC7E30
[LOG] SystemI::createSoundInternal             : exinfo->userclose          = 00007FFD86DC7E00
[LOG] SystemI::createSoundInternal             : exinfo->userread           = 00007FFD86DC7F00
[LOG] SystemI::createSoundInternal             : exinfo->userseek           = 00007FFD86DC7FC0
[LOG] SystemI::createSoundInternal             : exinfo->fileuserdata       = 000001FA59C91D28
[LOG] SystemI::createSoundInternal             : exinfo->initialseekpostype = 1
[LOG] SystemI::DSPCodecPoolRegister            : register codec pool for pool type 5
[LOG] SystemI::createSoundInternal             : Sample 0/1: name='MvtMetal_02', format=5, channels=2, frequency=48000, lengthbytes=2336, lengthpcm=10198, pcmblocksize=0, loopstart=0, loopend=0, mode=0x00000000, channelmask=0x00000000, channelorder=0, peakvolume=0.042956.
[LOG] SystemI::createSoundInternal             : Create name='', mode=0x02000202
[LOG] SystemI::createSoundInternal             : exinfo->cbsize             = 224
[LOG] SystemI::createSoundInternal             : exinfo->length             = 3275584
[LOG] SystemI::createSoundInternal             : exinfo->fileoffset         = 25216
[LOG] SystemI::createSoundInternal             : exinfo->numsubsounds       = 1
[LOG] SystemI::createSoundInternal             : exinfo->inclusionlist      = 00000036E87FF048
[LOG] SystemI::createSoundInternal             : exinfo->inclusionlistnum   = 1
[LOG] SystemI::createSoundInternal             : exinfo->suggestedsoundtype = 5
[LOG] SystemI::createSoundInternal             : exinfo->useropen           = 00007FFD86DC7E30
[LOG] SystemI::createSoundInternal             : exinfo->userclose          = 00007FFD86DC7E00
[LOG] SystemI::createSoundInternal             : exinfo->userread           = 00007FFD86DC7F00
[LOG] SystemI::createSoundInternal             : exinfo->userseek           = 00007FFD86DC7FC0
[LOG] SystemI::createSoundInternal             : exinfo->fileuserdata       = 000001FA59C91D28
[LOG] SystemI::createSoundInternal             : exinfo->initialseekpostype = 1
[LOG] SystemI::DSPCodecPoolRegister            : register codec pool for pool type 5
[LOG] SystemI::createSoundInternal             : Sample 0/1: name='MvtMetal_04', format=5, channels=2, frequency=48000, lengthbytes=2176, lengthpcm=9957, pcmblocksize=0, loopstart=0, loopend=0, mode=0x00000000, channelmask=0x00000000, channelorder=0, peakvolume=0.041603.
[LOG] SystemI::createSoundInternal             : Create name='', mode=0x02000202
[LOG] SystemI::createSoundInternal             : exinfo->cbsize             = 224
[LOG] SystemI::createSoundInternal             : exinfo->length             = 3275584
[LOG] SystemI::createSoundInternal             : exinfo->fileoffset         = 25216
[LOG] SystemI::createSoundInternal             : exinfo->numsubsounds       = 1
[LOG] SystemI::createSoundInternal             : exinfo->inclusionlist      = 00000036E87FF048
[LOG] SystemI::createSoundInternal             : exinfo->inclusionlistnum   = 1
[LOG] SystemI::createSoundInternal             : exinfo->suggestedsoundtype = 5
[LOG] SystemI::createSoundInternal             : exinfo->useropen           = 00007FFD86DC7E30
[LOG] SystemI::createSoundInternal             : exinfo->userclose          = 00007FFD86DC7E00
[LOG] SystemI::createSoundInternal             : exinfo->userread           = 00007FFD86DC7F00
[LOG] SystemI::createSoundInternal             : exinfo->userseek           = 00007FFD86DC7FC0
[LOG] SystemI::createSoundInternal             : exinfo->fileuserdata       = 000001FA59C91D28
[LOG] SystemI::createSoundInternal             : exinfo->initialseekpostype = 1
[LOG] SystemI::DSPCodecPoolRegister            : register codec pool for pool type 5
[LOG] SystemI::createSoundInternal             : Sample 0/1: name='MvtMetal_03', format=5, channels=2, frequency=48000, lengthbytes=2336, lengthpcm=9957, pcmblocksize=0, loopstart=0, loopend=0, mode=0x00000000, channelmask=0x00000000, channelorder=0, peakvolume=0.036686.
[LOG] SystemI::createSoundInternal             : Create name='', mode=0x02000202
[LOG] SystemI::createSoundInternal             : exinfo->cbsize             = 224
[LOG] SystemI::createSoundInternal             : exinfo->length             = 3275584
[LOG] SystemI::createSoundInternal             : exinfo->fileoffset         = 25216
[LOG] SystemI::createSoundInternal             : exinfo->numsubsounds       = 1
[LOG] SystemI::createSoundInternal             : exinfo->inclusionlist      = 00000036E87FF048
[LOG] SystemI::createSoundInternal             : exinfo->inclusionlistnum   = 1
[LOG] SystemI::createSoundInternal             : exinfo->suggestedsoundtype = 5
[LOG] SystemI::createSoundInternal             : exinfo->useropen           = 00007FFD86DC7E30
[LOG] SystemI::createSoundInternal             : exinfo->userclose          = 00007FFD86DC7E00
[LOG] SystemI::createSoundInternal             : exinfo->userread           = 00007FFD86DC7F00
[LOG] SystemI::createSoundInternal             : exinfo->userseek           = 00007FFD86DC7FC0
[LOG] SystemI::createSoundInternal             : exinfo->fileuserdata       = 000001FA59C91D28
[LOG] SystemI::createSoundInternal             : exinfo->initialseekpostype = 1
[LOG] SystemI::DSPCodecPoolRegister            : register codec pool for pool type 5
[LOG] SystemI::createSoundInternal             : Sample 0/1: name='MvtMetal_01', format=5, channels=2, frequency=48000, lengthbytes=2336, lengthpcm=10662, pcmblocksize=0, loopstart=0, loopend=0, mode=0x00000000, channelmask=0x00000000, channelorder=0, peakvolume=0.024831.
[LOG] SystemI::createSoundInternal             : Create name='', mode=0x02000202
[LOG] SystemI::createSoundInternal             : exinfo->cbsize             = 224
[LOG] SystemI::createSoundInternal             : exinfo->length             = 3275584
[LOG] SystemI::createSoundInternal             : exinfo->fileoffset         = 25216
[LOG] SystemI::createSoundInternal             : exinfo->numsubsounds       = 1
[LOG] SystemI::createSoundInternal             : exinfo->inclusionlist      = 00000036E87FF048
[LOG] SystemI::createSoundInternal             : exinfo->inclusionlistnum   = 1
[LOG] SystemI::createSoundInternal             : exinfo->suggestedsoundtype = 5
[LOG] SystemI::createSoundInternal             : exinfo->useropen           = 00007FFD86DC7E30
[LOG] SystemI::createSoundInternal             : exinfo->userclose          = 00007FFD86DC7E00
[LOG] SystemI::createSoundInternal             : exinfo->userread           = 00007FFD86DC7F00
[LOG] SystemI::createSoundInternal             : exinfo->userseek           = 00007FFD86DC7FC0
[LOG] SystemI::createSoundInternal             : exinfo->fileuserdata       = 000001FA59C91D28
[LOG] SystemI::createSoundInternal             : exinfo->initialseekpostype = 1
[LOG] SystemI::DSPCodecPoolRegister            : register codec pool for pool type 5
[LOG] SystemI::createSoundInternal             : Sample 0/1: name='MvtRobot_01', format=5, channels=2, frequency=48000, lengthbytes=13888, lengthpcm=54996, pcmblocksize=0, loopstart=0, loopend=0, mode=0x00000000, channelmask=0x00000000, channelorder=0, peakvolume=0.102829.
[LOG] Manager::readBank                        : fileversion = 135, compatVersion = 132 (oldest = 44, newest = 135)
[LOG] SoundI::release                          : Ambiance_Light (000001FA0C5FDD38)
[LOG] SoundI::release                          :     Ambiance_Light (000001F9B4EA7628)
[LOG] SoundI::release                          :     Ambiance_Light (000001FA1E8072B8)
[LOG] SoundI::release                          : Ambiance_Light (000001FA07E49188)
[LOG] SoundI::release                          :     Ambiance_Light (000001FA1EB285E8)
[LOG] SoundI::release                          :     Ambiance_Light (000001FA0C5FDEE8)
[LOG] SoundI::release                          : Ambiance_Light (000001FA0C5FCFB8)
[LOG] SoundI::release                          :     Ambiance_Light (000001F9B4EA7CA8)
[LOG] SoundI::release                          :     Ambiance_Light (000001FA1E8035F8)
[LOG] SoundI::release                          : Ambiance_Light (000001FA07E4A928)
[LOG] SoundI::release                          :     Ambiance_Light (000001FA1EB29148)
[LOG] SoundI::release                          :     Ambiance_Light (000001FA0C5FAC48)
[LOG] SoundI::release                          : Ambiance_Light (000001FA0C5F8A88)
[LOG] SoundI::release                          :     Ambiance_Light (000001FA0C217178)
[LOG] SoundI::release                          :     Ambiance_Light (000001FA1E806A48)
[LOG] SoundI::release                          : Ambiance_Light (000001FA07E45678)
[LOG] SoundI::release                          :     Ambiance_Light (000001FA1EB28FA8)
[LOG] SoundI::release                          :     Ambiance_Light (000001FA0C5FC748)
[LOG] SoundI::release                          : Ambiance_Light (000001FA0C5F8578)
[LOG] SoundI::release                          :     Ambiance_Light (000001FA0C216C98)
[LOG] SoundI::release                          :     Ambiance_Light (000001FA1E806538)
[LOG] SoundI::release                          : Ambiance_Light (000001FA07E51D98)
[LOG] SoundI::release                          :     Ambiance_Light (000001FA1EB28C68)
[LOG] SoundI::release                          :     Ambiance_Light (000001FA0C5F88D8)
[LOG] SoundI::release                          : Ambiance_Light (000001FA0C5FD678)
[LOG] SoundI::release                          :     Ambiance_Light (000001FA0C217658)
[LOG] SoundI::release                          :     Ambiance_Light (000001FA1E802BD8)
[LOG] SoundI::release                          : Ambiance_Light (000001FA07E51BE8)
[LOG] SoundI::release                          :     Ambiance_Light (000001FA1EB28E08)
[LOG] SoundI::release                          :     Ambiance_Light (000001FA0C5FF838)
[LOG] SoundI::release                          : Ambiance_Light (000001FA0C5FE908)
[LOG] SoundI::release                          :     Ambiance_Light (000001FA0C2174B8)
[LOG] SoundI::release                          :     Ambiance_Light (000001FA1E807618)
[LOG] SoundI::release                          : Ambiance_Light (000001FA07E522A8)
[LOG] SoundI::release                          :     Ambiance_Light (000001FA1EB292E8)
[LOG] SoundI::release                          :     Ambiance_Light (000001FA0C5FEFC8)
[LOG] SoundI::release                          : Ambiance_Light (000001FA0C5FF688)
[LOG] SoundI::release                          :     Ambiance_Light (000001FA0C217998)
[LOG] SoundI::release                          :     Ambiance_Light (000001FA1E805CC8)
[LOG] SoundI::release                          : Ambiance_Light (000001FA07E53538)
[LOG] SoundI::release                          :     Ambiance_Light (000001FA1EB28AC8)
[LOG] SoundI::release                          :     Ambiance_Light (000001FA07E479E8)
[LOG] SoundI::release                          : Ambiance_Light (000001FA0C5FF4D8)
[LOG] SoundI::release                          :     Ambiance_Light (000001FA0C2177F8)
[LOG] SoundI::release                          :     Ambiance_Light (000001FA1E803298)
[LOG] SoundI::release                          : Ambiance_Light (000001FA07E52968)
[LOG] SoundI::release                          :     Ambiance_Light (000001FA59CD2DE8)
[LOG] SoundI::release                          :     Ambiance_Light (000001FA07E45318)
[LOG] SoundI::release                          : Ambiance_Light (000001FA0C5FF9E8)
[LOG] SoundI::release                          :     Ambiance_Light (000001FA0C217318)
[LOG] SoundI::release                          :     Ambiance_Light (000001FA1E806388)
[LOG] SoundI::release                          : Ambiance_Light (000001FA07E52458)
[LOG] SoundI::release                          :     Ambiance_Light (000001FA59CD2908)
[LOG] SoundI::release                          :     Ambiance_Light (000001FA07E48AC8)
[LOG] SoundI::release                          : Ambiance_Light (000001FA0C5FFD48)
[LOG] SoundI::release                          :     Ambiance_Light (000001FA0C216FD8)
[LOG] SoundI::release                          :     Ambiance_Light (000001FA1E804888)
[LOG] SoundI::release                          : Ambiance_Light (000001FA07E52E78)
[LOG] SoundI::release                          :     Ambiance_Light (000001FA59CD25C8)
[LOG] SoundI::release                          :     Ambiance_Light (000001FA07E49698)
[LOG] SoundI::release                          : Ambiance_Light (000001FA07E485B8)
[LOG] SoundI::release                          :     Ambiance_Light (000001FA0C216E38)
[LOG] SoundI::release                          :     Ambiance_Light (000001FA1E805968)
[LOG] SoundI::release                          : Ambiance_Light (000001FA07E52CC8)
[LOG] SoundI::release                          :     Ambiance_Light (000001FA59CD2AA8)
[LOG] SoundI::release                          :     Ambiance_Light (000001FA07E463F8)
[LOG] SoundI::release                          : Ambiance_Light (000001FA07E474D8)
[LOG] SoundI::release                          :     Ambiance_Light (000001FA085AE8A8)
[LOG] SoundI::release                          :     Ambiance_Light (000001FA1E803448)
[LOG] SoundI::release                          : Ambiance_Light (000001FA07E536E8)
[LOG] SoundI::release                          :     Ambiance_Light (000001FA59CD32C8)
[LOG] SoundI::release                          :     Ambiance_Light (000001FA07E45D38)
[LOG] SoundI::release                          : Ambiance_Light (000001FA07E46AB8)
[LOG] SoundI::release                          :     Ambiance_Light (000001FA085AE708)
[LOG] SoundI::release                          :     Ambiance_Light (000001FA1E804F48)
[LOG] SoundI::release                          : Ambiance_Light (000001FA07E4AC88)
[LOG] SoundI::release                          :     Ambiance_Light (000001FA59CD2C48)
[LOG] SoundI::release                          :     Ambiance_Light (000001FA07E46FC8)
[LOG] SoundI::release                          : Ambiance_Light (000001FA07E48768)
[LOG] SoundI::release                          :     Ambiance_Light (000001FA085AE3C8)
[LOG] SoundI::release                          :     Ambiance_Light (000001FA1E8046D8)
[LOG] SoundI::release                          : Ambiance_Light (000001FA07E4F1B8)
[LOG] SoundI::release                          :     Ambiance_Light (000001FA59CD3128)
[LOG] SoundI::release                          :     Ambiance_Light (000001FA07E48FD8)
[LOG] SoundI::release                          : Ambiance_Light (000001FA07E46908)
[LOG] SoundI::release                          :     Ambiance_Light (000001FA085AE228)
[LOG] SoundI::release                          :     Ambiance_Light (000001FA0C5F9EC8)
[LOG] SoundI::release                          : Ambiance_Light (000001FA07E4BBB8)
[LOG] SoundI::release                          :     Ambiance_Light (000001FA59CD2F88)
[LOG] SoundI::release                          :     Ambiance_Light (000001FA07E51F48)
[LOG] SoundI::release                          : Ambiance_Light (000001FA07E459D8)
[LOG] SoundI::release                          :     Ambiance_Light (000001FA085AEA48)
[LOG] SoundI::release                          :     Ambiance_Light (000001FA0C5FBD28)
[LOG] SoundI::release                          : Ambiance_Light (000001FA07E4E948)
[LOG] SoundI::release                          :     Ambiance_Light (000001FA59668CA8)
[LOG] SoundI::release                          :     Ambiance_Light (000001FA07E52608)
[LOG] SoundI::release                          : Ambiance_Light (000001FA07E45168)
[LOG] SoundI::release                          :     Ambiance_Light (000001FA085AE088)
[LOG] SoundI::release                          :     Ambiance_Light (000001FA0C5FB668)
[LOG] SoundI::release                          : Ambiance_Light (000001FA07E4C938)
[LOG] SoundI::release                          :     Ambiance_Light (000001FA59668968)
[LOG] SoundI::release                          :     Ambiance_Light (000001FA07E53028)
[LOG] SoundI::release                          : Ambiance_Light (000001FA07E44AA8)
[LOG] SoundI::release                          :     Ambiance_Light (000001FA085AED88)
[LOG] SoundI::release                          :     Ambiance_Light (000001FA0C5F8F98)
[LOG] SoundI::release                          : Ambiance_Light (000001FA07E4D358)
[LOG] SoundI::release                          :     Ambiance_Light (000001FA596687C8)
[LOG] SoundI::release                          :     Ambiance_Light (000001FA07E53898)
[LOG] SoundI::release                          : Ambiance_Light (000001FA07E47D48)
[LOG] SoundI::release                          :     Ambiance_Light (000001FA085AE568)
[LOG] SoundI::release                          :     Ambiance_Light (000001FA0C5F8DE8)
[LOG] SoundI::release                          : Ambiance_Light (000001FA07E4CFF8)
[LOG] SoundI::release                          :     Ambiance_Light (000001FA596694C8)
[LOG] SoundI::release                          :     Ambiance_Light (000001FA07E53BF8)
[LOG] SoundI::release                          : Ambiance_Light (000001FA07E44088)
[LOG] SoundI::release                          :     Ambiance_Light (000001FA085AEBE8)
[LOG] SoundI::release                          :     Ambiance_Light (000001FA0C5FD168)
[LOG] SoundI::release                          : Ambiance_Light (000001FA0C5FE098)
[LOG] SoundI::release                          :     Ambiance_Light (000001F9B4EA7148)
[LOG] SoundI::release                          :     Ambiance_Light (000001FA1E807468)
[LOG] SoundI::release                          : Ambiance_Light (000001FA07E516D8)
[LOG] SoundI::release                          :     Ambiance_Light (000001FA59669188)
[LOG] SoundI::release                          :     Ambiance_Light (000001FA07E511C8)
[LOG] SoundI::release                          : Ambiance_Light (000001FA07E465A8)
[LOG] SoundI::release                          :     Ambiance_Light (000001FA1EB28928)
[LOG] SoundI::release                          :     Ambiance_Light (000001FA0C5FEAB8)
[LOG] SoundI::release                          : Ambiance_Light (000001FA0C5FC8F8)
[LOG] SoundI::release                          :     Ambiance_Light (000001F9B4EA6FA8)
[LOG] SoundI::release                          :     Ambiance_Light (000001FA1E802518)
[LOG] SoundI::release                          : Ambiance_Light (000001FA07E507A8)
[LOG] SoundI::release                          :     Ambiance_Light (000001FA59669328)
[LOG] SoundI::release                          :     Ambiance_Light (000001FA07E4D1A8)
[LOG] SoundI::release                          : Ambiance_Light (000001FA07E44C58)
[LOG] SoundI::release                          :     Ambiance_Light (000001FA1EB28788)
[LOG] SoundI::release                          :     Ambiance_Light (000001FA0C5FE3F8)
[LOG] SoundI::release                          : Ambiance_HumFond_02 (000001FA0C5FC238)
[LOG] SoundI::release                          :     Ambiance_HumFond_02 (000001F9B4EA7488)
[LOG] SoundI::release                          :     Ambiance_HumFond_02 (000001FA1E801288)
[LOG] SoundI::release                          : Ambiance_EauFond_02 (000001FA0C5FCC58)
[LOG] SoundI::release                          :     Ambiance_EauFond_02 (000001F9B4EA7B08)
[LOG] SoundI::release                          :     Ambiance_EauFond_02 (000001FA1E800F28)
[LOG] SoundI::release                          : Ambiance_HumFond_01 (000001FA0C5FE758)
[LOG] SoundI::release                          :     Ambiance_HumFond_01 (000001F9B4EA7968)
[LOG] SoundI::release                          :     Ambiance_HumFond_01 (000001FA1E8026C8)
[LOG] SoundI::release                          : Ambiance_EauFond_01 (000001FA0C5FA3D8)
[LOG] SoundI::release                          :     Ambiance_EauFond_01 (000001F9B4EA72E8)
[LOG] SoundI::release                          :     Ambiance_EauFond_01 (000001FA1E803958)
[LOG] SoundI::release                          :  (000001F9B1E457C8)
[LOG] SoundI::release                          :     MvtRobot_01 (000001F9B3904A58)
[LOG] SoundI::release                          :  (000001F9B1E45AA8)
[LOG] SoundI::release                          :     MvtMetal_01 (000001F9B3904718)
[LOG] SoundI::release                          :  (000001F7D15F5758)
[LOG] SoundI::release                          :     MvtMetal_02 (000001FA1E3BA8A8)
[LOG] SoundI::release                          :  (000001FA1E82E1A8)
[LOG] SoundI::release                          :     MvtMetal_03 (000001F9B39048B8)
[LOG] SoundI::release                          :  (000001F7D15F5D18)
[LOG] SoundI::release                          :     MvtMetal_04 (000001FA1E3BAA48)
[LOG] SoundI::release                          :  (000001FA1EA3CFD8)
[LOG] SoundI::release                          :     Gas_Continue_03 (000001FA0CB793B8)
[LOG] SoundI::release                          :  (000001FA1EA3DCC8)
[LOG] SoundI::release                          :     Gas_Continue_01 (000001FA0CB7A258)
[LOG] SoundI::release                          :  (000001FA1EA3D2B8)
[LOG] SoundI::release                          :     Gun_Fire_01 (000001FA0CB79BD8)
[LOG] SoundI::release                          :  (000001FA1EA3D708)
[LOG] SoundI::release                          :     Gun_Fire_02 (000001FA0CB7A598)
[LOG] SoundI::release                          :  (000001FA1EA3D598)
[LOG] SoundI::release                          :     Gun_Fire_03 (000001FA0CB7A3F8)
[LOG] SoundI::release                          :  (000001FA1EA3D428)
[LOG] SoundI::release                          :     Gun_Fire_04 (000001FA0CB796F8)
[LOG] Thread::callback                         : FMOD Studio update thread finished.
[LOG] Thread::callback                         : FMOD Studio bank load thread finished.
[LOG] Profile::disconnectAll                   : Profiler disconnecting all clients
[LOG] Thread::callback                         : FMOD Studio sample load thread finished.
[LOG] LiveUpdate::release                      : 
[LOG] LiveUpdate::reset                        : Reset connection (reason Disconnected)
[LOG] Thread::callback                         : FMOD stream thread finished.
[LOG] Thread::callback                         : FMOD mixer thread finished.
[LOG] Profile::disconnectAll                   : Profiler disconnecting all clients
[LOG] SystemI::close                           : Closed.
[LOG] Manager::readBank                        : fileversion = 135, compatVersion = 132 (oldest = 44, newest = 135)
[LOG] Manager::readBank                        : fileversion = 135, compatVersion = 132 (oldest = 44, newest = 135)
[LOG] Manager::readBank                        : fileversion = 135, compatVersion = 132 (oldest = 44, newest = 135)
[LOG] PlaybackSystem::acquireMasterBus         : Setting master channel group format to 6
[LOG] Manager::readBank                        : fileversion = 135, compatVersion = 132 (oldest = 44, newest = 135)
[LOG] Manager::readBank                        : fileversion = 135, compatVersion = 132 (oldest = 44, newest = 135)
[LOG] Manager::readBank                        : fileversion = 135, compatVersion = 132 (oldest = 44, newest = 135)
[LOG] PlaybackSystem::acquireMasterBus         : Setting master channel group format to 6
